<?xml version="1.0" encoding="UTF-8"?>
<!-- Generated by org.testng.reporters.JUnitReportReporter -->
<testsuite hostname="DESKTOP-88V4A8K" failures="0" tests="3" name="_23POMWithPFMAndTestNG._5Login" time="36.832" errors="0" timestamp="2022-06-29T06:38:49 IST" skipped="0">
  <testcase classname="_23POMWithPFMAndTestNG._5Login" name="Login" time="12.710"/>
  <system-out/>
  <testcase classname="_23POMWithPFMAndTestNG._5Login" name="Login" time="12.375"/>
  <system-out/>
  <testcase classname="_23POMWithPFMAndTestNG._5Login" name="Login" time="11.747"/>
  <system-out/>
</testsuite> <!-- _23POMWithPFMAndTestNG._5Login -->
