<?xml version="1.0" encoding="UTF-8"?>
<!-- Generated by org.testng.reporters.JUnitReportReporter -->
<testsuite hostname="DESKTOP-88V4A8K" failures="0" tests="3" name="_22testngDummyCode.LearningDataProvider" time="0.025" errors="0" timestamp="2022-06-28T07:07:57 IST" skipped="0">
  <testcase classname="_22testngDummyCode.LearningDataProvider" name="addNumbers" time="0.003"/>
  <system-out/>
  <testcase classname="_22testngDummyCode.LearningDataProvider" name="addNumbers" time="0.002"/>
  <system-out/>
  <testcase classname="_22testngDummyCode.LearningDataProvider" name="addNumbers" time="0.020"/>
  <system-out/>
</testsuite> <!-- _22testngDummyCode.LearningDataProvider -->
