<?xml version="1.0" encoding="UTF-8"?>
<!-- Generated by org.testng.reporters.JUnitReportReporter -->
<testsuite hostname="DESKTOP-88V4A8K" failures="0" tests="1" name="_24SELENIUMTestNG._4Login3" time="12.437" errors="0" timestamp="2022-06-29T07:32:40 IST" skipped="0">
  <testcase classname="_24SELENIUMTestNG._4Login3" name="login" time="12.437"/>
  <system-out/>
</testsuite> <!-- _24SELENIUMTestNG._4Login3 -->
