<?xml version="1.0" encoding="UTF-8"?>
<!-- Generated by org.testng.reporters.JUnitReportReporter -->
<testsuite hostname="DESKTOP-88V4A8K" failures="0" tests="3" name="_22testngDummyCode.LearningtestNg" time="0.019" errors="0" timestamp="2022-06-24T07:55:39 IST" skipped="0">
  <testcase classname="_22testngDummyCode.LearningtestNg" name="login" time="0.013"/>
  <system-out/>
  <testcase classname="_22testngDummyCode.LearningtestNg" name="loginWithInvalidCredentails" time="0.003"/>
  <system-out/>
  <testcase classname="_22testngDummyCode.LearningtestNg" name="registration" time="0.003"/>
  <system-out/>
</testsuite> <!-- _22testngDummyCode.LearningtestNg -->
