<?xml version="1.0" encoding="UTF-8"?>
<!-- Generated by org.testng.reporters.JUnitReportReporter -->
<testsuite hostname="DESKTOP-88V4A8K" failures="0" tests="15" name="_22testngDummyCode.LearningtestNg" time="0.076" errors="0" timestamp="2022-06-30T06:53:33 IST" skipped="0">
  <testcase classname="_22testngDummyCode.LearningtestNg" name="loginWithNoCredentials" time="0.004"/>
  <system-out/>
  <testcase classname="_22testngDummyCode.LearningtestNg" name="loginWithInvalidCredetinals" time="0.008"/>
  <system-out/>
  <testcase classname="_22testngDummyCode.LearningtestNg" name="registration" time="0.003"/>
  <system-out/>
  <testcase classname="_22testngDummyCode.LearningtestNg" name="login" time="0.009"/>
  <system-out/>
  <testcase classname="_22testngDummyCode.LearningtestNg" name="loginWithInvalidCredentails" time="0.009"/>
  <system-out/>
  <testcase classname="_22testngDummyCode.LearningtestNg" name="ContactUs" time="0.003"/>
  <system-out/>
  <testcase classname="_22testngDummyCode.LearningtestNg" name="ContactUs" time="0.005"/>
  <system-out/>
  <testcase classname="_22testngDummyCode.LearningtestNg" name="ContactUs" time="0.001"/>
  <system-out/>
  <testcase classname="_22testngDummyCode.LearningtestNg" name="ContactUs" time="0.010"/>
  <system-out/>
  <testcase classname="_22testngDummyCode.LearningtestNg" name="ContactUs" time="0.003"/>
  <system-out/>
  <testcase classname="_22testngDummyCode.LearningtestNg" name="ContactUs" time="0.005"/>
  <system-out/>
  <testcase classname="_22testngDummyCode.LearningtestNg" name="ContactUs" time="0.003"/>
  <system-out/>
  <testcase classname="_22testngDummyCode.LearningtestNg" name="ContactUs" time="0.007"/>
  <system-out/>
  <testcase classname="_22testngDummyCode.LearningtestNg" name="ContactUs" time="0.002"/>
  <system-out/>
  <testcase classname="_22testngDummyCode.LearningtestNg" name="ContactUs" time="0.004"/>
  <system-out/>
</testsuite> <!-- _22testngDummyCode.LearningtestNg -->
